# JRE version: OpenJDK Runtime Environment (17.0.6) (build 17.0.6+0-b2043.56-9586694)
# Java VM: OpenJDK 64-Bit Server VM (17.0.6+0-b2043.56-9586694, mixed mode, tiered, compressed oops, compressed class ptrs, g1 gc, windows-amd64)
GC Precious Log:
 CPUs: 16 total, 16 available
 Memory: 16287M
 Large Page Support: Disabled
 NUMA Support: Disabled
 Compressed Oops: Enabled (32-bit)
 Heap Region Size: 1M
 Heap Min Capacity: 8M
 Heap Initial Capacity: 256M
 Heap Max Capacity: 2G
 Pre-touch: Disabled
 Parallel Workers: 13
 Concurrent Workers: 3
 Concurrent Refinement Workers: 13
 Periodic GC: Disabled
Heap:
 garbage-first heap   total 264192K, used 179692K [0x0000000080000000, 0x0000000100000000)
  region size 1024K, 5 young (5120K), 3 survivors (3072K)
 Metaspace       used 99374K, committed 100160K, reserved 1138688K
  class space    used 13086K, committed 13440K, reserved 1048576K
GC Heap History (20 events):
Event: 275.377 GC heap before
{Heap before GC invocations=43 (full 0):
 garbage-first heap   total 207872K, used 164439K [0x0000000080000000, 0x0000000100000000)
  region size 1024K, 41 young (41984K), 2 survivors (2048K)
 Metaspace       used 73544K, committed 74304K, reserved 1114112K
  class space    used 9421K, committed 9792K, reserved 1048576K
}
Event: 275.379 GC heap after
{Heap after GC invocations=44 (full 0):
 garbage-first heap   total 207872K, used 129197K [0x0000000080000000, 0x0000000100000000)
  region size 1024K, 4 young (4096K), 4 survivors (4096K)
 Metaspace       used 73544K, committed 74304K, reserved 1114112K
  class space    used 9421K, committed 9792K, reserved 1048576K
}
Event: 275.801 GC heap before
{Heap before GC invocations=45 (full 0):
 garbage-first heap   total 222208K, used 174253K [0x0000000080000000, 0x0000000100000000)
  region size 1024K, 47 young (48128K), 4 survivors (4096K)
 Metaspace       used 79652K, committed 80512K, reserved 1122304K
  class space    used 10213K, committed 10624K, reserved 1048576K
}
Event: 275.804 GC heap after
{Heap after GC invocations=46 (full 0):
 garbage-first heap   total 222208K, used 130444K [0x0000000080000000, 0x0000000100000000)
  region size 1024K, 2 young (2048K), 2 survivors (2048K)
 Metaspace       used 79652K, committed 80512K, reserved 1122304K
  class space    used 10213K, committed 10624K, reserved 1048576K
}
Event: 275.934 GC heap before
{Heap before GC invocations=46 (full 0):
 garbage-first heap   total 222208K, used 138636K [0x0000000080000000, 0x0000000100000000)
  region size 1024K, 10 young (10240K), 2 survivors (2048K)
 Metaspace       used 81443K, committed 82240K, reserved 1122304K
  class space    used 10478K, committed 10880K, reserved 1048576K
}
Event: 275.936 GC heap after
{Heap after GC invocations=47 (full 0):
 garbage-first heap   total 222208K, used 129213K [0x0000000080000000, 0x0000000100000000)
  region size 1024K, 1 young (1024K), 1 survivors (1024K)
 Metaspace       used 81443K, committed 82240K, reserved 1122304K
  class space    used 10478K, committed 10880K, reserved 1048576K
}
Event: 276.027 GC heap before
{Heap before GC invocations=47 (full 0):
 garbage-first heap   total 222208K, used 139453K [0x0000000080000000, 0x0000000100000000)
  region size 1024K, 12 young (12288K), 1 survivors (1024K)
 Metaspace       used 82456K, committed 83264K, reserved 1122304K
  class space    used 10627K, committed 11008K, reserved 1048576K
}
Event: 276.028 GC heap after
{Heap after GC invocations=48 (full 0):
 garbage-first heap   total 222208K, used 130491K [0x0000000080000000, 0x0000000100000000)
  region size 1024K, 3 young (3072K), 3 survivors (3072K)
 Metaspace       used 82456K, committed 83264K, reserved 1122304K
  class space    used 10627K, committed 11008K, reserved 1048576K
}
Event: 276.491 GC heap before
{Heap before GC invocations=49 (full 0):
 garbage-first heap   total 242688K, used 188859K [0x0000000080000000, 0x0000000100000000)
  region size 1024K, 54 young (55296K), 3 survivors (3072K)
 Metaspace       used 86434K, committed 87232K, reserved 1130496K
  class space    used 11129K, committed 11520K, reserved 1048576K
}
Event: 276.494 GC heap after
{Heap after GC invocations=50 (full 0):
 garbage-first heap   total 242688K, used 134705K [0x0000000080000000, 0x0000000100000000)
  region size 1024K, 7 young (7168K), 7 survivors (7168K)
 Metaspace       used 86434K, committed 87232K, reserved 1130496K
  class space    used 11129K, committed 11520K, reserved 1048576K
}
Event: 276.530 GC heap before
{Heap before GC invocations=50 (full 0):
 garbage-first heap   total 242688K, used 138801K [0x0000000080000000, 0x0000000100000000)
  region size 1024K, 11 young (11264K), 7 survivors (7168K)
 Metaspace       used 86751K, committed 87552K, reserved 1130496K
  class space    used 11161K, committed 11520K, reserved 1048576K
}
Event: 276.532 GC heap after
{Heap after GC invocations=51 (full 0):
 garbage-first heap   total 242688K, used 134791K [0x0000000080000000, 0x0000000100000000)
  region size 1024K, 2 young (2048K), 2 survivors (2048K)
 Metaspace       used 86751K, committed 87552K, reserved 1130496K
  class space    used 11161K, committed 11520K, reserved 1048576K
}
Event: 277.137 GC heap before
{Heap before GC invocations=51 (full 0):
 garbage-first heap   total 242688K, used 196231K [0x0000000080000000, 0x0000000100000000)
  region size 1024K, 62 young (63488K), 2 survivors (2048K)
 Metaspace       used 90115K, committed 90944K, reserved 1130496K
  class space    used 11744K, committed 12096K, reserved 1048576K
}
Event: 277.140 GC heap after
{Heap after GC invocations=52 (full 0):
 garbage-first heap   total 242688K, used 137258K [0x0000000080000000, 0x0000000100000000)
  region size 1024K, 5 young (5120K), 5 survivors (5120K)
 Metaspace       used 90115K, committed 90944K, reserved 1130496K
  class space    used 11744K, committed 12096K, reserved 1048576K
}
Event: 277.872 GC heap before
{Heap before GC invocations=53 (full 0):
 garbage-first heap   total 242688K, used 227370K [0x0000000080000000, 0x0000000100000000)
  region size 1024K, 66 young (67584K), 5 survivors (5120K)
 Metaspace       used 97217K, committed 98048K, reserved 1138688K
  class space    used 12902K, committed 13248K, reserved 1048576K
}
Event: 277.877 GC heap after
{Heap after GC invocations=54 (full 0):
 garbage-first heap   total 244736K, used 176449K [0x0000000080000000, 0x0000000100000000)
  region size 1024K, 9 young (9216K), 9 survivors (9216K)
 Metaspace       used 97217K, committed 98048K, reserved 1138688K
  class space    used 12902K, committed 13248K, reserved 1048576K
}
Event: 277.894 GC heap before
{Heap before GC invocations=54 (full 0):
 garbage-first heap   total 244736K, used 178497K [0x0000000080000000, 0x0000000100000000)
  region size 1024K, 11 young (11264K), 9 survivors (9216K)
 Metaspace       used 97312K, committed 98176K, reserved 1138688K
  class space    used 12918K, committed 13312K, reserved 1048576K
}
Event: 277.898 GC heap after
{Heap after GC invocations=55 (full 0):
 garbage-first heap   total 244736K, used 175897K [0x0000000080000000, 0x0000000100000000)
  region size 1024K, 1 young (1024K), 1 survivors (1024K)
 Metaspace       used 97312K, committed 98176K, reserved 1138688K
  class space    used 12918K, committed 13312K, reserved 1048576K
}
Event: 278.095 GC heap before
{Heap before GC invocations=55 (full 0):
 garbage-first heap   total 244736K, used 204569K [0x0000000080000000, 0x0000000100000000)
  region size 1024K, 30 young (30720K), 1 survivors (1024K)
 Metaspace       used 98508K, committed 99328K, reserved 1138688K
  class space    used 13065K, committed 13440K, reserved 1048576K
}
Event: 278.097 GC heap after
{Heap after GC invocations=56 (full 0):
 garbage-first heap   total 244736K, used 177644K [0x0000000080000000, 0x0000000100000000)
  region size 1024K, 3 young (3072K), 3 survivors (3072K)
 Metaspace       used 98508K, committed 99328K, reserved 1138688K
  class space    used 13065K, committed 13440K, reserved 1048576K
}

